{"X:\\github\\vega\\assignment\\frontend\\src\\pages\\LoginPage.tsx": {"path":"X:\\github\\vega\\assignment\\frontend\\src\\pages\\LoginPage.tsx","statementMap":{"0":{"start":{"line":6,"column":18},"end":{"line":71,"column":null}},"1":{"start":{"line":7,"column":23},"end":{"line":7,"column":null}},"2":{"start":{"line":8,"column":8},"end":{"line":8,"column":null}},"3":{"start":{"line":9,"column":24},"end":{"line":9,"column":null}},"4":{"start":{"line":10,"column":30},"end":{"line":10,"column":null}},"5":{"start":{"line":11,"column":38},"end":{"line":11,"column":null}},"6":{"start":{"line":12,"column":34},"end":{"line":12,"column":null}},"7":{"start":{"line":14,"column":23},"end":{"line":26,"column":null}},"8":{"start":{"line":15,"column":4},"end":{"line":15,"column":null}},"9":{"start":{"line":16,"column":4},"end":{"line":16,"column":null}},"10":{"start":{"line":17,"column":4},"end":{"line":17,"column":null}},"11":{"start":{"line":18,"column":4},"end":{"line":25,"column":null}},"12":{"start":{"line":19,"column":6},"end":{"line":19,"column":null}},"13":{"start":{"line":20,"column":6},"end":{"line":20,"column":null}},"14":{"start":{"line":22,"column":6},"end":{"line":22,"column":null}},"15":{"start":{"line":24,"column":6},"end":{"line":24,"column":null}},"16":{"start":{"line":28,"column":2},"end":{"line":69,"column":null}},"17":{"start":{"line":45,"column":35},"end":{"line":45,"column":null}},"18":{"start":{"line":55,"column":35},"end":{"line":55,"column":null}}},"fnMap":{"0":{"name":"(anonymous_0)","decl":{"start":{"line":6,"column":18},"end":{"line":6,"column":24}},"loc":{"start":{"line":6,"column":24},"end":{"line":71,"column":null}},"line":6},"1":{"name":"(anonymous_1)","decl":{"start":{"line":14,"column":23},"end":{"line":14,"column":30}},"loc":{"start":{"line":14,"column":51},"end":{"line":26,"column":null}},"line":14},"2":{"name":"(anonymous_2)","decl":{"start":{"line":45,"column":24},"end":{"line":45,"column":25}},"loc":{"start":{"line":45,"column":35},"end":{"line":45,"column":null}},"line":45},"3":{"name":"(anonymous_3)","decl":{"start":{"line":55,"column":24},"end":{"line":55,"column":25}},"loc":{"start":{"line":55,"column":35},"end":{"line":55,"column":null}},"line":55}},"branchMap":{"0":{"loc":{"start":{"line":58,"column":10},"end":{"line":59,"column":null}},"type":"binary-expr","locations":[{"start":{"line":59,"column":12},"end":{"line":59,"column":21}},{"start":{"line":59,"column":21},"end":{"line":59,"column":36}},{"start":{"line":59,"column":36},"end":{"line":59,"column":null}}],"line":58},"1":{"loc":{"start":{"line":59,"column":72},"end":{"line":59,"column":92}},"type":"binary-expr","locations":[{"start":{"line":59,"column":72},"end":{"line":59,"column":81}},{"start":{"line":59,"column":81},"end":{"line":59,"column":92}}],"line":59},"2":{"loc":{"start":{"line":65,"column":13},"end":{"line":65,"column":null}},"type":"cond-expr","locations":[{"start":{"line":65,"column":28},"end":{"line":65,"column":44}},{"start":{"line":65,"column":44},"end":{"line":65,"column":null}}],"line":65}},"s":{"0":1,"1":24,"2":24,"3":24,"4":24,"5":24,"6":24,"7":24,"8":1,"9":1,"10":1,"11":1,"12":1,"13":1,"14":0,"15":1,"16":24,"17":14,"18":7},"f":{"0":24,"1":1,"2":14,"3":7},"b":{"0":[24,24,0],"1":[0,0],"2":[1,23]},"meta":{"lastBranch":3,"lastFunction":4,"lastStatement":19,"seen":{"s:6:18:71:Infinity":0,"f:6:18:6:24":0,"s:7:23:7:Infinity":1,"s:8:8:8:Infinity":2,"s:9:24:9:Infinity":3,"s:10:30:10:Infinity":4,"s:11:38:11:Infinity":5,"s:12:34:12:Infinity":6,"s:14:23:26:Infinity":7,"f:14:23:14:30":1,"s:15:4:15:Infinity":8,"s:16:4:16:Infinity":9,"s:17:4:17:Infinity":10,"s:18:4:25:Infinity":11,"s:19:6:19:Infinity":12,"s:20:6:20:Infinity":13,"s:22:6:22:Infinity":14,"s:24:6:24:Infinity":15,"s:28:2:69:Infinity":16,"f:45:24:45:25":2,"s:45:35:45:Infinity":17,"f:55:24:55:25":3,"s:55:35:55:Infinity":18,"b:59:12:59:21:59:21:59:36:59:36:59:Infinity":0,"b:59:72:59:81:59:81:59:92":1,"b:65:28:65:44:65:44:65:Infinity":2}}}
,"X:\\github\\vega\\assignment\\frontend\\src\\utils\\portfolio.ts": {"path":"X:\\github\\vega\\assignment\\frontend\\src\\utils\\portfolio.ts","statementMap":{"0":{"start":{"line":3,"column":18},"end":{"line":3,"column":null}},"1":{"start":{"line":3,"column":40},"end":{"line":3,"column":null}},"2":{"start":{"line":3,"column":70},"end":{"line":3,"column":83}},"3":{"start":{"line":5,"column":31},"end":{"line":35,"column":null}},"4":{"start":{"line":10,"column":19},"end":{"line":10,"column":null}},"5":{"start":{"line":10,"column":56},"end":{"line":10,"column":73}},"6":{"start":{"line":11,"column":19},"end":{"line":11,"column":null}},"7":{"start":{"line":11,"column":56},"end":{"line":11,"column":84}},"8":{"start":{"line":12,"column":21},"end":{"line":15,"column":null}},"9":{"start":{"line":13,"column":18},"end":{"line":13,"column":null}},"10":{"start":{"line":14,"column":4},"end":{"line":14,"column":null}},"11":{"start":{"line":17,"column":2},"end":{"line":17,"column":null}},"12":{"start":{"line":17,"column":24},"end":{"line":17,"column":null}},"13":{"start":{"line":19,"column":2},"end":{"line":34,"column":null}},"14":{"start":{"line":20,"column":18},"end":{"line":20,"column":null}},"15":{"start":{"line":21,"column":18},"end":{"line":21,"column":null}},"16":{"start":{"line":22,"column":18},"end":{"line":22,"column":null}},"17":{"start":{"line":23,"column":4},"end":{"line":33,"column":null}},"18":{"start":{"line":37,"column":35},"end":{"line":43,"column":null}},"19":{"start":{"line":38,"column":2},"end":{"line":43,"column":null}},"20":{"start":{"line":38,"column":31},"end":{"line":43,"column":4}},"21":{"start":{"line":45,"column":35},"end":{"line":61,"column":null}},"22":{"start":{"line":46,"column":18},"end":{"line":53,"column":null}},"23":{"start":{"line":47,"column":4},"end":{"line":49,"column":null}},"24":{"start":{"line":48,"column":6},"end":{"line":48,"column":null}},"25":{"start":{"line":50,"column":4},"end":{"line":50,"column":null}},"26":{"start":{"line":51,"column":4},"end":{"line":51,"column":null}},"27":{"start":{"line":52,"column":4},"end":{"line":52,"column":null}},"28":{"start":{"line":55,"column":2},"end":{"line":60,"column":null}},"29":{"start":{"line":55,"column":56},"end":{"line":60,"column":4}},"30":{"start":{"line":63,"column":37},"end":{"line":98,"column":null}},"31":{"start":{"line":68,"column":22},"end":{"line":72,"column":null}},"32":{"start":{"line":70,"column":28},"end":{"line":70,"column":96}},"33":{"start":{"line":71,"column":25},"end":{"line":71,"column":62}},"34":{"start":{"line":74,"column":2},"end":{"line":74,"column":null}},"35":{"start":{"line":74,"column":25},"end":{"line":74,"column":null}},"36":{"start":{"line":76,"column":24},"end":{"line":82,"column":null}},"37":{"start":{"line":77,"column":4},"end":{"line":79,"column":null}},"38":{"start":{"line":78,"column":6},"end":{"line":78,"column":null}},"39":{"start":{"line":80,"column":4},"end":{"line":80,"column":null}},"40":{"start":{"line":81,"column":4},"end":{"line":81,"column":null}},"41":{"start":{"line":84,"column":2},"end":{"line":97,"column":null}},"42":{"start":{"line":85,"column":25},"end":{"line":85,"column":40}},"43":{"start":{"line":87,"column":21},"end":{"line":91,"column":null}},"44":{"start":{"line":88,"column":25},"end":{"line":88,"column":null}},"45":{"start":{"line":89,"column":8},"end":{"line":89,"column":null}},"46":{"start":{"line":89,"column":23},"end":{"line":89,"column":null}},"47":{"start":{"line":90,"column":8},"end":{"line":90,"column":null}},"48":{"start":{"line":93,"column":6},"end":{"line":96,"column":null}}},"fnMap":{"0":{"name":"(anonymous_0)","decl":{"start":{"line":3,"column":18},"end":{"line":3,"column":19}},"loc":{"start":{"line":3,"column":40},"end":{"line":3,"column":null}},"line":3},"1":{"name":"(anonymous_1)","decl":{"start":{"line":3,"column":54},"end":{"line":3,"column":55}},"loc":{"start":{"line":3,"column":70},"end":{"line":3,"column":83}},"line":3},"2":{"name":"(anonymous_2)","decl":{"start":{"line":5,"column":31},"end":{"line":5,"column":32}},"loc":{"start":{"line":9,"column":26},"end":{"line":35,"column":null}},"line":9},"3":{"name":"(anonymous_3)","decl":{"start":{"line":10,"column":45},"end":{"line":10,"column":46}},"loc":{"start":{"line":10,"column":56},"end":{"line":10,"column":73}},"line":10},"4":{"name":"(anonymous_4)","decl":{"start":{"line":11,"column":45},"end":{"line":11,"column":46}},"loc":{"start":{"line":11,"column":56},"end":{"line":11,"column":84}},"line":11},"5":{"name":"(anonymous_5)","decl":{"start":{"line":12,"column":45},"end":{"line":12,"column":46}},"loc":{"start":{"line":12,"column":64},"end":{"line":15,"column":5}},"line":12},"6":{"name":"(anonymous_6)","decl":{"start":{"line":19,"column":30},"end":{"line":19,"column":31}},"loc":{"start":{"line":19,"column":44},"end":{"line":34,"column":3}},"line":19},"7":{"name":"(anonymous_7)","decl":{"start":{"line":37,"column":35},"end":{"line":37,"column":36}},"loc":{"start":{"line":38,"column":2},"end":{"line":43,"column":null}},"line":38},"8":{"name":"(anonymous_8)","decl":{"start":{"line":38,"column":16},"end":{"line":38,"column":17}},"loc":{"start":{"line":38,"column":31},"end":{"line":43,"column":4}},"line":38},"9":{"name":"(anonymous_9)","decl":{"start":{"line":45,"column":35},"end":{"line":45,"column":36}},"loc":{"start":{"line":45,"column":88},"end":{"line":61,"column":null}},"line":45},"10":{"name":"(anonymous_10)","decl":{"start":{"line":46,"column":90},"end":{"line":46,"column":91}},"loc":{"start":{"line":46,"column":109},"end":{"line":53,"column":5}},"line":46},"11":{"name":"(anonymous_11)","decl":{"start":{"line":55,"column":37},"end":{"line":55,"column":38}},"loc":{"start":{"line":55,"column":56},"end":{"line":60,"column":4}},"line":55},"12":{"name":"(anonymous_12)","decl":{"start":{"line":63,"column":37},"end":{"line":63,"column":38}},"loc":{"start":{"line":67,"column":6},"end":{"line":98,"column":null}},"line":67},"13":{"name":"(anonymous_13)","decl":{"start":{"line":70,"column":14},"end":{"line":70,"column":15}},"loc":{"start":{"line":70,"column":28},"end":{"line":70,"column":96}},"line":70},"14":{"name":"(anonymous_14)","decl":{"start":{"line":71,"column":11},"end":{"line":71,"column":12}},"loc":{"start":{"line":71,"column":25},"end":{"line":71,"column":62}},"line":71},"15":{"name":"(anonymous_15)","decl":{"start":{"line":76,"column":80},"end":{"line":76,"column":81}},"loc":{"start":{"line":76,"column":96},"end":{"line":82,"column":5}},"line":76},"16":{"name":"(anonymous_16)","decl":{"start":{"line":85,"column":10},"end":{"line":85,"column":11}},"loc":{"start":{"line":85,"column":25},"end":{"line":85,"column":40}},"line":85},"17":{"name":"(anonymous_17)","decl":{"start":{"line":86,"column":9},"end":{"line":86,"column":10}},"loc":{"start":{"line":86,"column":29},"end":{"line":97,"column":5}},"line":86},"18":{"name":"(anonymous_18)","decl":{"start":{"line":87,"column":32},"end":{"line":87,"column":33}},"loc":{"start":{"line":87,"column":43},"end":{"line":91,"column":7}},"line":87}},"branchMap":{"0":{"loc":{"start":{"line":13,"column":18},"end":{"line":13,"column":null}},"type":"binary-expr","locations":[{"start":{"line":13,"column":18},"end":{"line":13,"column":52}},{"start":{"line":13,"column":52},"end":{"line":13,"column":null}}],"line":13},"1":{"loc":{"start":{"line":17,"column":2},"end":{"line":17,"column":null}},"type":"if","locations":[{"start":{"line":17,"column":2},"end":{"line":17,"column":null}},{"start":{},"end":{}}],"line":17},"2":{"loc":{"start":{"line":21,"column":18},"end":{"line":21,"column":null}},"type":"binary-expr","locations":[{"start":{"line":21,"column":18},"end":{"line":21,"column":52}},{"start":{"line":21,"column":52},"end":{"line":21,"column":null}}],"line":21},"3":{"loc":{"start":{"line":26,"column":14},"end":{"line":26,"column":null}},"type":"binary-expr","locations":[{"start":{"line":26,"column":14},"end":{"line":26,"column":31}},{"start":{"line":26,"column":31},"end":{"line":26,"column":null}}],"line":26},"4":{"loc":{"start":{"line":27,"column":12},"end":{"line":27,"column":null}},"type":"binary-expr","locations":[{"start":{"line":27,"column":12},"end":{"line":27,"column":27}},{"start":{"line":27,"column":27},"end":{"line":27,"column":null}}],"line":27},"5":{"loc":{"start":{"line":28,"column":13},"end":{"line":28,"column":null}},"type":"binary-expr","locations":[{"start":{"line":28,"column":13},"end":{"line":28,"column":29}},{"start":{"line":28,"column":29},"end":{"line":28,"column":null}}],"line":28},"6":{"loc":{"start":{"line":47,"column":4},"end":{"line":49,"column":null}},"type":"if","locations":[{"start":{"line":47,"column":4},"end":{"line":49,"column":null}},{"start":{},"end":{}}],"line":47},"7":{"loc":{"start":{"line":70,"column":28},"end":{"line":70,"column":96}},"type":"binary-expr","locations":[{"start":{"line":70,"column":28},"end":{"line":70,"column":51}},{"start":{"line":70,"column":51},"end":{"line":70,"column":96}}],"line":70},"8":{"loc":{"start":{"line":74,"column":2},"end":{"line":74,"column":null}},"type":"if","locations":[{"start":{"line":74,"column":2},"end":{"line":74,"column":null}},{"start":{},"end":{}}],"line":74},"9":{"loc":{"start":{"line":77,"column":4},"end":{"line":79,"column":null}},"type":"if","locations":[{"start":{"line":77,"column":4},"end":{"line":79,"column":null}},{"start":{},"end":{}}],"line":77},"10":{"loc":{"start":{"line":85,"column":25},"end":{"line":85,"column":40}},"type":"cond-expr","locations":[{"start":{"line":85,"column":33},"end":{"line":85,"column":37}},{"start":{"line":85,"column":37},"end":{"line":85,"column":40}}],"line":85},"11":{"loc":{"start":{"line":89,"column":8},"end":{"line":89,"column":null}},"type":"if","locations":[{"start":{"line":89,"column":8},"end":{"line":89,"column":null}},{"start":{},"end":{}}],"line":89}},"s":{"0":1,"1":2,"2":4,"3":1,"4":3,"5":6,"6":3,"7":6,"8":3,"9":6,"10":6,"11":3,"12":0,"13":3,"14":6,"15":6,"16":6,"17":6,"18":1,"19":1,"20":2,"21":1,"22":1,"23":2,"24":1,"25":2,"26":2,"27":2,"28":1,"29":1,"30":1,"31":1,"32":2,"33":1,"34":1,"35":0,"36":1,"37":4,"38":2,"39":4,"40":4,"41":1,"42":1,"43":2,"44":4,"45":4,"46":2,"47":2,"48":2},"f":{"0":2,"1":4,"2":3,"3":6,"4":6,"5":6,"6":6,"7":1,"8":2,"9":1,"10":2,"11":1,"12":1,"13":2,"14":1,"15":4,"16":1,"17":2,"18":4},"b":{"0":[6,0],"1":[0,3],"2":[6,0],"3":[6,0],"4":[6,0],"5":[6,0],"6":[1,1],"7":[2,2],"8":[0,1],"9":[2,2],"10":[1,0],"11":[2,2]},"meta":{"lastBranch":12,"lastFunction":19,"lastStatement":49,"seen":{"s:3:18:3:Infinity":0,"f:3:18:3:19":0,"s:3:40:3:Infinity":1,"f:3:54:3:55":1,"s:3:70:3:83":2,"s:5:31:35:Infinity":3,"f:5:31:5:32":2,"s:10:19:10:Infinity":4,"f:10:45:10:46":3,"s:10:56:10:73":5,"s:11:19:11:Infinity":6,"f:11:45:11:46":4,"s:11:56:11:84":7,"s:12:21:15:Infinity":8,"f:12:45:12:46":5,"s:13:18:13:Infinity":9,"b:13:18:13:52:13:52:13:Infinity":0,"s:14:4:14:Infinity":10,"b:17:2:17:Infinity:undefined:undefined:undefined:undefined":1,"s:17:2:17:Infinity":11,"s:17:24:17:Infinity":12,"s:19:2:34:Infinity":13,"f:19:30:19:31":6,"s:20:18:20:Infinity":14,"s:21:18:21:Infinity":15,"b:21:18:21:52:21:52:21:Infinity":2,"s:22:18:22:Infinity":16,"s:23:4:33:Infinity":17,"b:26:14:26:31:26:31:26:Infinity":3,"b:27:12:27:27:27:27:27:Infinity":4,"b:28:13:28:29:28:29:28:Infinity":5,"s:37:35:43:Infinity":18,"f:37:35:37:36":7,"s:38:2:43:Infinity":19,"f:38:16:38:17":8,"s:38:31:43:4":20,"s:45:35:61:Infinity":21,"f:45:35:45:36":9,"s:46:18:53:Infinity":22,"f:46:90:46:91":10,"b:47:4:49:Infinity:undefined:undefined:undefined:undefined":6,"s:47:4:49:Infinity":23,"s:48:6:48:Infinity":24,"s:50:4:50:Infinity":25,"s:51:4:51:Infinity":26,"s:52:4:52:Infinity":27,"s:55:2:60:Infinity":28,"f:55:37:55:38":11,"s:55:56:60:4":29,"s:63:37:98:Infinity":30,"f:63:37:63:38":12,"s:68:22:72:Infinity":31,"f:70:14:70:15":13,"s:70:28:70:96":32,"b:70:28:70:51:70:51:70:96":7,"f:71:11:71:12":14,"s:71:25:71:62":33,"b:74:2:74:Infinity:undefined:undefined:undefined:undefined":8,"s:74:2:74:Infinity":34,"s:74:25:74:Infinity":35,"s:76:24:82:Infinity":36,"f:76:80:76:81":15,"b:77:4:79:Infinity:undefined:undefined:undefined:undefined":9,"s:77:4:79:Infinity":37,"s:78:6:78:Infinity":38,"s:80:4:80:Infinity":39,"s:81:4:81:Infinity":40,"s:84:2:97:Infinity":41,"f:85:10:85:11":16,"s:85:25:85:40":42,"b:85:33:85:37:85:37:85:40":10,"f:86:9:86:10":17,"s:87:21:91:Infinity":43,"f:87:32:87:33":18,"s:88:25:88:Infinity":44,"b:89:8:89:Infinity:undefined:undefined:undefined:undefined":11,"s:89:8:89:Infinity":45,"s:89:23:89:Infinity":46,"s:90:8:90:Infinity":47,"s:93:6:96:Infinity":48}}}
}
